Visual Studio Code (1.74.1, wsl, desktop)
Jupyter Extension Version: 2022.11.1003412109.
Python Extension not installed.
Workspace folder /home/anarch40z/machine-learning
info 21:01:10.817: ZMQ install verified.
User belongs to experiment group 'jupyterTest'
User belongs to experiment group 'jupyterEnhancedDataViewer'
info 21:01:11.764: LSP Notebooks experiment is disabled -- not using Pylance
info 21:01:11.766: Find preferred kernel for /home/anarch40z/machine-learning/pertemuan9/natural_language_processing.ipynb with metadata {"colab":{"collapsed_sections":[],"name":"natural_language_processing.ipynb","provenance":[],"toc_visible":true},"kernelspec":{"display_name":"Python 3.8.10 64-bit","language":"python","name":"python3"},"language_info":{"codemirror_mode":{"name":"ipython","version":3},"file_extension":".py","mimetype":"text/x-python","name":"python","nbconvert_exporter":"python","pygments_lexer":"ipython3","version":"3.8.10"},"vscode":{"interpreter":{"hash":"916dbcbb3f70747c44a77c7bcd40155683ae19c65e1c03b4aa3499c5328201f1"}}} & preferred interpreter <undefined>
info 21:01:11.786: Find preferred kernel for /home/anarch40z/machine-learning/pertemuan9/natural_language_processing.ipynb with metadata {"colab":{"collapsed_sections":[],"name":"natural_language_processing.ipynb","provenance":[],"toc_visible":true},"kernelspec":{"display_name":"Python 3.8.10 64-bit","language":"python","name":"python3"},"language_info":{"codemirror_mode":{"name":"ipython","version":3},"file_extension":".py","mimetype":"text/x-python","name":"python","nbconvert_exporter":"python","pygments_lexer":"ipython3","version":"3.8.10"},"vscode":{"interpreter":{"hash":"916dbcbb3f70747c44a77c7bcd40155683ae19c65e1c03b4aa3499c5328201f1"}}} & preferred interpreter <undefined>
info 21:02:11.438: Find preferred kernel for /home/anarch40z/machine-learning/uts/explode.ipynb with metadata {"kernelspec":{"display_name":"Python 3.8.10 64-bit","language":"python","name":"python3"},"language_info":{"codemirror_mode":{"name":"ipython","version":3},"file_extension":".py","mimetype":"text/x-python","name":"python","nbconvert_exporter":"python","pygments_lexer":"ipython3","version":"3.8.10"},"orig_nbformat":4,"vscode":{"interpreter":{"hash":"916dbcbb3f70747c44a77c7bcd40155683ae19c65e1c03b4aa3499c5328201f1"}}} & preferred interpreter <undefined>
info 21:02:11.440: Find preferred kernel for /home/anarch40z/machine-learning/uts/explode.ipynb with metadata {"kernelspec":{"display_name":"Python 3.8.10 64-bit","language":"python","name":"python3"},"language_info":{"codemirror_mode":{"name":"ipython","version":3},"file_extension":".py","mimetype":"text/x-python","name":"python","nbconvert_exporter":"python","pygments_lexer":"ipython3","version":"3.8.10"},"orig_nbformat":4,"vscode":{"interpreter":{"hash":"916dbcbb3f70747c44a77c7bcd40155683ae19c65e1c03b4aa3499c5328201f1"}}} & preferred interpreter <undefined>
info 21:02:13.139: Find preferred kernel for /home/anarch40z/machine-learning/uts/uts_machine_learning.ipynb with metadata {"kernelspec":{"display_name":"Python 3.8.10 64-bit","language":"python","name":"python3"},"language_info":{"codemirror_mode":{"name":"ipython","version":3},"file_extension":".py","mimetype":"text/x-python","name":"python","nbconvert_exporter":"python","pygments_lexer":"ipython3","version":"3.8.10"},"orig_nbformat":4,"vscode":{"interpreter":{"hash":"916dbcbb3f70747c44a77c7bcd40155683ae19c65e1c03b4aa3499c5328201f1"}}} & preferred interpreter <undefined>
info 21:02:13.140: Find preferred kernel for /home/anarch40z/machine-learning/uts/uts_machine_learning.ipynb with metadata {"kernelspec":{"display_name":"Python 3.8.10 64-bit","language":"python","name":"python3"},"language_info":{"codemirror_mode":{"name":"ipython","version":3},"file_extension":".py","mimetype":"text/x-python","name":"python","nbconvert_exporter":"python","pygments_lexer":"ipython3","version":"3.8.10"},"orig_nbformat":4,"vscode":{"interpreter":{"hash":"916dbcbb3f70747c44a77c7bcd40155683ae19c65e1c03b4aa3499c5328201f1"}}} & preferred interpreter <undefined>
info 21:02:35.668: Shutting down notebooks for 2400c1d1-486a-4e87-ba06-b1437a940f56
info 21:02:35.668: Disposing HostJupyterExecution 185b4af1-9742-4e1b-93f0-f5d837763406
info 21:02:35.668: Disposing super HostJupyterExecution 185b4af1-9742-4e1b-93f0-f5d837763406
info 21:02:35.669: Disposing HostJupyterExecution 185b4af1-9742-4e1b-93f0-f5d837763406
info 21:02:35.669: Finished disposing HostJupyterExecution  185b4af1-9742-4e1b-93f0-f5d837763406
info 21:02:35.687: Cleaning up server cache 185b4af1-9742-4e1b-93f0-f5d837763406
info 21:02:35.688: Finished disposing HostJupyterExecution  185b4af1-9742-4e1b-93f0-f5d837763406
