2023-01-08 20:44:58.616 [info] Extension host with pid 276 started
2023-01-08 20:44:58.760 [info] Lock '/root/.vscode-server/data/User/workspaceStorage/9c2439dde0e7d203062e7fe3cbcb9f1d/vscode.lock': Lock acquired.
2023-01-08 20:44:59.171 [info] ExtensionService#_doActivateExtension vscode.ipynb, startup: false, activationEvent: 'onNotebookSerializer:jupyter-notebook'
2023-01-08 20:44:59.173 [info] ExtensionService#_doActivateExtension vscode.git-base, startup: true, activationEvent: '*', root cause: vscode.git
2023-01-08 20:44:59.563 [info] ExtensionService#_doActivateExtension vscode.git, startup: true, activationEvent: '*'
2023-01-08 20:44:59.564 [info] ExtensionService#_doActivateExtension vscode.github, startup: true, activationEvent: '*'
2023-01-08 20:45:00.132 [info] ExtensionService#_doActivateExtension vscode.debug-auto-launch, startup: false, activationEvent: 'onStartupFinished'
2023-01-08 20:45:00.133 [info] ExtensionService#_doActivateExtension vscode.emmet, startup: false, activationEvent: 'onStartupFinished'
2023-01-08 20:45:00.135 [info] ExtensionService#_doActivateExtension vscode.merge-conflict, startup: false, activationEvent: 'onStartupFinished'
2023-01-08 20:45:00.136 [info] Eager extensions activated
2023-01-08 20:45:01.382 [info] ExtensionService#_doActivateExtension vscode.configuration-editing, startup: false, activationEvent: 'onLanguage:jsonc'
2023-01-08 20:45:01.382 [info] ExtensionService#_doActivateExtension vscode.json-language-features, startup: false, activationEvent: 'onLanguage:jsonc'
2023-01-08 20:45:01.383 [info] ExtensionService#_doActivateExtension vscode.typescript-language-features, startup: false, activationEvent: 'onLanguage:jsonc'
2023-01-08 20:52:01.424 [info] ExtensionService#_doActivateExtension ms-vscode.js-debug, startup: false, activationEvent: 'onDebugInitialConfigurations'
2023-01-08 20:52:18.303 [info] ExtensionService#_doActivateExtension vscode.debug-server-ready, startup: false, activationEvent: 'onDebugResolve'
2023-01-08 20:53:38.388 [info] ExtensionService#_doActivateExtension ms-toolsai.vscode-jupyter-slideshow, startup: false, activationEvent: 'onNotebook:jupyter-notebook'
2023-01-08 20:53:38.389 [info] ExtensionService#_doActivateExtension ms-toolsai.vscode-jupyter-cell-tags, startup: false, activationEvent: 'onNotebook:jupyter-notebook'
2023-01-08 20:53:38.390 [info] ExtensionService#_doActivateExtension ms-toolsai.jupyter-renderers, startup: false, activationEvent: 'onNotebook:*'
2023-01-08 20:53:38.390 [info] ExtensionService#_doActivateExtension ms-toolsai.jupyter, startup: false, activationEvent: 'onLanguage:python'
2023-01-08 20:54:07.271 [info] ExtensionService#_doActivateExtension ms-azuretools.vscode-docker, startup: false, activationEvent: 'onDebugInitialConfigurations'
2023-01-08 20:56:14.099 [error] ChildProcessError: Process exited with code 1
	at ChildProcess.<anonymous> (/root/.vscode-server/extensions/ms-azuretools.vscode-docker-1.23.3/dist/extension.bundle.js:2:3895677)
	at ChildProcess.emit (node:events:526:28)
	at Process.ChildProcess._handle.onexit (node:internal/child_process:291:12)
2023-01-08 20:56:14.135 [error] ChildProcessError: Process exited with code 1
	at ChildProcess.<anonymous> (/root/.vscode-server/extensions/ms-azuretools.vscode-docker-1.23.3/dist/extension.bundle.js:2:3895677)
	at ChildProcess.emit (node:events:526:28)
	at Process.ChildProcess._handle.onexit (node:internal/child_process:291:12)
2023-01-08 20:56:14.193 [error] ChildProcessError: Process exited with code 1
	at ChildProcess.<anonymous> (/root/.vscode-server/extensions/ms-azuretools.vscode-docker-1.23.3/dist/extension.bundle.js:2:3895677)
	at ChildProcess.emit (node:events:526:28)
	at Process.ChildProcess._handle.onexit (node:internal/child_process:291:12)
2023-01-08 21:00:49.255 [info] Extension host terminating: received terminate message from renderer
2023-01-08 21:00:49.256 [info] Lock '/root/.vscode-server/data/User/workspaceStorage/9c2439dde0e7d203062e7fe3cbcb9f1d/vscode.lock': Marking the lockfile as scheduled to be released in 6000 ms.
2023-01-08 21:00:49.331 [info] Extension host with pid 276 exiting with code 0
