Visual Studio Code (1.74.1, wsl, desktop)
Jupyter Extension Version: 2022.11.1003412109.
Python Extension not installed.
Workspace folder /home/anarch40z/machine-learning
info 20:53:38.979: ZMQ install verified.
User belongs to experiment group 'jupyterTest'
User belongs to experiment group 'jupyterEnhancedDataViewer'
info 20:53:39.744: LSP Notebooks experiment is disabled -- not using Pylance
info 20:53:39.746: Find preferred kernel for /home/anarch40z/machine-learning/pertemuan9/natural_language_processing.ipynb with metadata {"colab":{"collapsed_sections":[],"name":"natural_language_processing.ipynb","provenance":[],"toc_visible":true},"kernelspec":{"display_name":"Python 3.8.10 64-bit","language":"python","name":"python3"},"language_info":{"codemirror_mode":{"name":"ipython","version":3},"file_extension":".py","mimetype":"text/x-python","name":"python","nbconvert_exporter":"python","pygments_lexer":"ipython3","version":"3.8.10"},"vscode":{"interpreter":{"hash":"916dbcbb3f70747c44a77c7bcd40155683ae19c65e1c03b4aa3499c5328201f1"}}} & preferred interpreter <undefined>
info 20:53:39.770: Find preferred kernel for /home/anarch40z/machine-learning/pertemuan9/natural_language_processing.ipynb with metadata {"colab":{"collapsed_sections":[],"name":"natural_language_processing.ipynb","provenance":[],"toc_visible":true},"kernelspec":{"display_name":"Python 3.8.10 64-bit","language":"python","name":"python3"},"language_info":{"codemirror_mode":{"name":"ipython","version":3},"file_extension":".py","mimetype":"text/x-python","name":"python","nbconvert_exporter":"python","pygments_lexer":"ipython3","version":"3.8.10"},"vscode":{"interpreter":{"hash":"916dbcbb3f70747c44a77c7bcd40155683ae19c65e1c03b4aa3499c5328201f1"}}} & preferred interpreter <undefined>
error 20:59:14.215: Failed to install Python Extension via Kernel Picker command
warn 20:59:14.219: DataScience Error [Error: Failed to install the Python Extension.
	at _.installPythonExtensionViaKernelPicker (/root/.vscode-server/extensions/ms-toolsai.jupyter-2022.11.1003412109/out/extension.node.js:2:2234164)
	at async s.h (/root/.vscode-server/bin/1ad8d514439d5077d2b0b7ee64d2ce82a9308e5a/out/vs/workbench/api/node/extensionHostProcess.js:94:107614)]
info 21:00:49.304: Shutting down notebooks for 91238c29-0a58-4112-8646-44db76924436
info 21:00:49.304: Disposing HostJupyterExecution 7b35724f-3f73-4c1c-9aa0-87387db7c135
info 21:00:49.304: Disposing super HostJupyterExecution 7b35724f-3f73-4c1c-9aa0-87387db7c135
info 21:00:49.305: Disposing HostJupyterExecution 7b35724f-3f73-4c1c-9aa0-87387db7c135
info 21:00:49.305: Finished disposing HostJupyterExecution  7b35724f-3f73-4c1c-9aa0-87387db7c135
info 21:00:49.311: Cleaning up server cache 7b35724f-3f73-4c1c-9aa0-87387db7c135
info 21:00:49.312: Finished disposing HostJupyterExecution  7b35724f-3f73-4c1c-9aa0-87387db7c135
