2023-01-08 21:11:16.842 [info] Log level: Info
2023-01-08 21:11:16.843 [info] Validating found git in: "git"
2023-01-08 21:11:16.843 [info] Using git "2.25.1" from "git"
2023-01-08 21:11:16.843 [info] > git rev-parse --show-toplevel [155ms]
2023-01-08 21:11:16.843 [info] > git rev-parse --git-dir --git-common-dir [101ms]
2023-01-08 21:11:16.843 [info] Open repository: /home/anarch40z/machine-learning
2023-01-08 21:11:16.843 [info] > git rev-parse --show-toplevel [9ms]
2023-01-08 21:11:16.843 [info] > git rev-parse --show-toplevel [3ms]
2023-01-08 21:11:16.844 [info] > git config --get commit.template [12ms]
2023-01-08 21:11:16.844 [info] > git rev-parse --show-toplevel [4ms]
2023-01-08 21:11:16.844 [info] > git rev-parse --show-toplevel [8ms]
2023-01-08 21:11:16.844 [info] > git rev-parse --show-toplevel [2ms]
2023-01-08 21:11:16.844 [info] > git rev-parse --show-toplevel [1ms]
2023-01-08 21:11:16.844 [info] > git rev-parse --show-toplevel [2ms]
2023-01-08 21:11:16.844 [info] > git rev-parse --show-toplevel [2ms]
2023-01-08 21:11:16.844 [info] > git rev-parse --show-toplevel [1ms]
2023-01-08 21:11:16.844 [info] > git for-each-ref --format=%(refname)%00%(upstream:short)%00%(objectname)%00%(upstream:track)%00%(upstream:remotename)%00%(upstream:remoteref) refs/heads/main refs/remotes/main [44ms]
2023-01-08 21:11:16.844 [info] > git rev-parse --show-toplevel [13ms]
2023-01-08 21:11:16.844 [info] > git for-each-ref --sort -committerdate --format %(refname) %(objectname) %(*objectname) [10ms]
2023-01-08 21:11:16.844 [info] > git rev-parse --show-toplevel [3ms]
2023-01-08 21:11:16.844 [info] > git status -z -uall [22ms]
2023-01-08 21:11:16.844 [info] > git rev-parse --show-toplevel [28ms]
2023-01-08 21:11:16.844 [info] > git config --get commit.template [6ms]
2023-01-08 21:11:16.844 [info] > git rev-parse --show-toplevel [3ms]
2023-01-08 21:11:16.844 [info] > git for-each-ref --format=%(refname)%00%(upstream:short)%00%(objectname)%00%(upstream:track)%00%(upstream:remotename)%00%(upstream:remoteref) refs/heads/main refs/remotes/main [3ms]
2023-01-08 21:11:16.844 [info] > git status -z -uall [8ms]
2023-01-08 21:11:16.844 [info] > git for-each-ref --sort -committerdate --format %(refname) %(objectname) %(*objectname) [4ms]
2023-01-08 21:11:16.844 [info] > git check-ignore -v -z --stdin [85ms]
2023-01-08 21:11:16.861 [info] > git check-ignore -v -z --stdin [39ms]
2023-01-08 21:11:19.183 [info] > git check-ignore -v -z --stdin [1ms]
2023-01-08 21:11:22.551 [info] > git check-ignore -v -z --stdin [5ms]
2023-01-11 19:50:46.761 [info] > git check-ignore -v -z --stdin [2ms]
