2023-01-14 08:19:08.947 [info] Log level: Info
2023-01-14 08:19:08.947 [info] Validating found git in: "git"
2023-01-14 08:19:08.947 [info] Using git "2.25.1" from "git"
2023-01-14 08:19:08.947 [info] > git rev-parse --show-toplevel [84ms]
2023-01-14 08:19:08.947 [info] > git rev-parse --git-dir --git-common-dir [2ms]
2023-01-14 08:19:08.947 [info] Open repository: /root
2023-01-14 08:19:08.947 [info] > git rev-parse --show-toplevel [11ms]
2023-01-14 08:19:08.947 [info] > git config --get commit.template [10ms]
2023-01-14 08:19:08.947 [info] > git rev-parse --show-toplevel [4ms]
2023-01-14 08:19:08.948 [info] > git for-each-ref --format=%(refname)%00%(upstream:short)%00%(objectname)%00%(upstream:track)%00%(upstream:remotename)%00%(upstream:remoteref) refs/heads/main refs/remotes/main [1ms]
2023-01-14 08:19:08.948 [info] > git rev-parse --show-toplevel [16ms]
2023-01-14 08:19:08.948 [info] > git rev-parse --show-toplevel [2ms]
2023-01-14 08:19:08.948 [info] > git for-each-ref --sort -committerdate --format %(refname) %(objectname) %(*objectname) [11ms]
2023-01-14 08:19:08.948 [info] > git rev-parse --show-toplevel [2ms]
2023-01-14 08:19:08.948 [info] > git status -z -uall [33ms]
2023-01-14 08:19:08.948 [info] > git config --get commit.template [287ms]
2023-01-14 08:19:09.029 [info] > git for-each-ref --format=%(refname)%00%(upstream:short)%00%(objectname)%00%(upstream:track)%00%(upstream:remotename)%00%(upstream:remoteref) refs/heads/main refs/remotes/main [4ms]
2023-01-14 08:19:09.079 [info] > git for-each-ref --sort -committerdate --format %(refname) %(objectname) %(*objectname) [39ms]
2023-01-14 08:19:09.138 [info] > git status -z -uall [102ms]
2023-01-14 08:19:09.138 [info] > git check-ignore -v -z --stdin [50ms]
2023-01-14 08:19:10.759 [info] > git config --get commit.template [15ms]
2023-01-14 08:19:10.760 [info] > git for-each-ref --format=%(refname)%00%(upstream:short)%00%(objectname)%00%(upstream:track)%00%(upstream:remotename)%00%(upstream:remoteref) refs/heads/main refs/remotes/main [3ms]
2023-01-14 08:19:10.776 [info] > git for-each-ref --sort -committerdate --format %(refname) %(objectname) %(*objectname) [2ms]
2023-01-14 08:19:10.794 [info] > git status -z -uall [26ms]
2023-01-14 08:19:15.688 [info] > git show --textconv :README.md [37ms]
2023-01-14 08:19:15.688 [info] > git ls-files --stage -- /root/README.md [28ms]
2023-01-14 08:19:15.700 [info] > git cat-file -s 93d40fcb0c42ca711d9b7a0b2753fcf447521561 [3ms]
2023-01-14 08:19:15.854 [info] > git config --get commit.template [5ms]
2023-01-14 08:19:15.866 [info] > git for-each-ref --format=%(refname)%00%(upstream:short)%00%(objectname)%00%(upstream:track)%00%(upstream:remotename)%00%(upstream:remoteref) refs/heads/main refs/remotes/main [3ms]
2023-01-14 08:19:15.882 [info] > git for-each-ref --sort -committerdate --format %(refname) %(objectname) %(*objectname) [3ms]
2023-01-14 08:19:15.896 [info] > git status -z -uall [23ms]
2023-01-14 08:19:23.261 [info] > git config --get commit.template [7ms]
2023-01-14 08:19:23.261 [info] > git for-each-ref --format=%(refname)%00%(upstream:short)%00%(objectname)%00%(upstream:track)%00%(upstream:remotename)%00%(upstream:remoteref) refs/heads/main refs/remotes/main [2ms]
2023-01-14 08:19:23.275 [info] > git for-each-ref --sort -committerdate --format %(refname) %(objectname) %(*objectname) [2ms]
2023-01-14 08:19:23.287 [info] > git status -z -uall [19ms]
2023-01-14 08:19:29.187 [info] > git config --get commit.template [3ms]
2023-01-14 08:19:29.196 [info] > git for-each-ref --format=%(refname)%00%(upstream:short)%00%(objectname)%00%(upstream:track)%00%(upstream:remotename)%00%(upstream:remoteref) refs/heads/main refs/remotes/main [2ms]
2023-01-14 08:19:29.213 [info] > git for-each-ref --sort -committerdate --format %(refname) %(objectname) %(*objectname) [2ms]
2023-01-14 08:19:29.231 [info] > git status -z -uall [27ms]
2023-01-14 08:19:37.562 [info] > git config --get commit.template [10ms]
2023-01-14 08:19:37.562 [info] > git for-each-ref --format=%(refname)%00%(upstream:short)%00%(objectname)%00%(upstream:track)%00%(upstream:remotename)%00%(upstream:remoteref) refs/heads/main refs/remotes/main [2ms]
2023-01-14 08:19:37.580 [info] > git for-each-ref --sort -committerdate --format %(refname) %(objectname) %(*objectname) [2ms]
2023-01-14 08:19:37.591 [info] > git status -z -uall [20ms]
2023-01-14 08:19:41.031 [info] > git check-ignore -v -z --stdin [4ms]
2023-01-14 08:19:42.653 [info] > git config --get commit.template [4ms]
2023-01-14 08:19:42.683 [info] > git for-each-ref --format=%(refname)%00%(upstream:short)%00%(objectname)%00%(upstream:track)%00%(upstream:remotename)%00%(upstream:remoteref) refs/heads/main refs/remotes/main [6ms]
2023-01-14 08:19:42.744 [info] > git for-each-ref --sort -committerdate --format %(refname) %(objectname) %(*objectname) [9ms]
2023-01-14 08:19:42.800 [info] > git status -z -uall [94ms]
2023-01-14 08:19:47.858 [info] > git config --get commit.template [2ms]
2023-01-14 08:19:47.877 [info] > git for-each-ref --format=%(refname)%00%(upstream:short)%00%(objectname)%00%(upstream:track)%00%(upstream:remotename)%00%(upstream:remoteref) refs/heads/main refs/remotes/main [3ms]
2023-01-14 08:19:47.902 [info] > git for-each-ref --sort -committerdate --format %(refname) %(objectname) %(*objectname) [2ms]
2023-01-14 08:19:47.914 [info] > git status -z -uall [23ms]
2023-01-14 08:19:52.967 [info] > git config --get commit.template [3ms]
2023-01-14 08:19:52.990 [info] > git for-each-ref --format=%(refname)%00%(upstream:short)%00%(objectname)%00%(upstream:track)%00%(upstream:remotename)%00%(upstream:remoteref) refs/heads/main refs/remotes/main [3ms]
2023-01-14 08:19:53.025 [info] > git for-each-ref --sort -committerdate --format %(refname) %(objectname) %(*objectname) [3ms]
2023-01-14 08:19:53.050 [info] > git status -z -uall [43ms]
2023-01-14 08:19:58.133 [info] > git config --get commit.template [4ms]
2023-01-14 08:19:58.155 [info] > git for-each-ref --format=%(refname)%00%(upstream:short)%00%(objectname)%00%(upstream:track)%00%(upstream:remotename)%00%(upstream:remoteref) refs/heads/main refs/remotes/main [2ms]
2023-01-14 08:19:58.181 [info] > git for-each-ref --sort -committerdate --format %(refname) %(objectname) %(*objectname) [2ms]
2023-01-14 08:19:58.191 [info] > git status -z -uall [23ms]
2023-01-14 08:20:03.248 [info] > git config --get commit.template [4ms]
2023-01-14 08:20:03.276 [info] > git for-each-ref --format=%(refname)%00%(upstream:short)%00%(objectname)%00%(upstream:track)%00%(upstream:remotename)%00%(upstream:remoteref) refs/heads/main refs/remotes/main [5ms]
2023-01-14 08:20:03.304 [info] > git for-each-ref --sort -committerdate --format %(refname) %(objectname) %(*objectname) [1ms]
2023-01-14 08:20:03.314 [info] > git status -z -uall [22ms]
2023-01-14 08:20:10.216 [info] > git config --get commit.template [3ms]
2023-01-14 08:20:10.227 [info] > git for-each-ref --format=%(refname)%00%(upstream:short)%00%(objectname)%00%(upstream:track)%00%(upstream:remotename)%00%(upstream:remoteref) refs/heads/main refs/remotes/main [2ms]
2023-01-14 08:20:10.247 [info] > git for-each-ref --sort -committerdate --format %(refname) %(objectname) %(*objectname) [1ms]
2023-01-14 08:20:10.257 [info] > git status -z -uall [21ms]
2023-01-14 08:20:15.289 [info] > git config --get commit.template [1ms]
2023-01-14 08:20:15.299 [info] > git for-each-ref --format=%(refname)%00%(upstream:short)%00%(objectname)%00%(upstream:track)%00%(upstream:remotename)%00%(upstream:remoteref) refs/heads/main refs/remotes/main [1ms]
2023-01-14 08:20:15.315 [info] > git for-each-ref --sort -committerdate --format %(refname) %(objectname) %(*objectname) [1ms]
2023-01-14 08:20:15.327 [info] > git status -z -uall [20ms]
2023-01-14 08:20:20.363 [info] > git config --get commit.template [5ms]
2023-01-14 08:20:20.373 [info] > git for-each-ref --format=%(refname)%00%(upstream:short)%00%(objectname)%00%(upstream:track)%00%(upstream:remotename)%00%(upstream:remoteref) refs/heads/main refs/remotes/main [1ms]
2023-01-14 08:20:20.394 [info] > git for-each-ref --sort -committerdate --format %(refname) %(objectname) %(*objectname) [1ms]
2023-01-14 08:20:20.403 [info] > git status -z -uall [18ms]
2023-01-14 08:20:22.829 [info] > git check-ignore -v -z --stdin [2ms]
2023-01-14 08:20:25.435 [info] > git config --get commit.template [1ms]
2023-01-14 08:20:25.447 [info] > git for-each-ref --format=%(refname)%00%(upstream:short)%00%(objectname)%00%(upstream:track)%00%(upstream:remotename)%00%(upstream:remoteref) refs/heads/main refs/remotes/main [2ms]
2023-01-14 08:20:25.470 [info] > git for-each-ref --sort -committerdate --format %(refname) %(objectname) %(*objectname) [2ms]
2023-01-14 08:20:25.478 [info] > git status -z -uall [21ms]
