2022-12-15 23:59:07.428 [info] Log level: Info
2022-12-15 23:59:07.429 [info] Validating found git in: "git"
2022-12-15 23:59:07.429 [info] Using git "2.25.1" from "git"
2022-12-15 23:59:07.429 [info] > git rev-parse --show-toplevel [32ms]
2022-12-15 23:59:07.429 [info] > git rev-parse --git-dir --git-common-dir [28ms]
2022-12-15 23:59:07.429 [info] Open repository: /root
2022-12-15 23:59:07.429 [info] > git rev-parse --show-toplevel [24ms]
2022-12-15 23:59:07.429 [info] > git config --get commit.template [27ms]
2022-12-15 23:59:07.429 [info] > git rev-parse --show-toplevel [6ms]
2022-12-15 23:59:07.429 [warning] No remotes found in the git config file.
2022-12-15 23:59:07.429 [info] > git remote --verbose [1ms]
2022-12-15 23:59:07.429 [info] > git for-each-ref --format=%(refname)%00%(upstream:short)%00%(objectname)%00%(upstream:track)%00%(upstream:remotename)%00%(upstream:remoteref) refs/heads/master refs/remotes/master [7ms]
2022-12-15 23:59:07.429 [info] > git rev-parse --show-toplevel [22ms]
2022-12-15 23:59:07.430 [info] > git for-each-ref --sort -committerdate --format %(refname) %(objectname) %(*objectname) [9ms]
2022-12-15 23:59:07.431 [info] > git rev-parse --show-toplevel [5ms]
2022-12-15 23:59:07.437 [info] > git status -z -uall [20ms]
2022-12-15 23:59:07.437 [info] > git rev-parse --show-toplevel [3ms]
2022-12-15 23:59:07.822 [info] > git config --get commit.template [43ms]
2022-12-15 23:59:07.829 [warning] No remotes found in the git config file.
2022-12-15 23:59:07.830 [info] > git for-each-ref --format=%(refname)%00%(upstream:short)%00%(objectname)%00%(upstream:track)%00%(upstream:remotename)%00%(upstream:remoteref) refs/heads/master refs/remotes/master [4ms]
2022-12-15 23:59:07.830 [info] > git remote --verbose [1ms]
2022-12-15 23:59:07.841 [info] > git for-each-ref --sort -committerdate --format %(refname) %(objectname) %(*objectname) [1ms]
2022-12-15 23:59:07.851 [info] > git status -z -uall [17ms]
2022-12-15 23:59:07.884 [info] > git check-ignore -v -z --stdin [4ms]
2022-12-15 23:59:09.331 [info] > git config --get commit.template [2ms]
2022-12-15 23:59:09.342 [warning] No remotes found in the git config file.
2022-12-15 23:59:09.343 [info] > git remote --verbose [1ms]
2022-12-15 23:59:09.343 [info] > git for-each-ref --format=%(refname)%00%(upstream:short)%00%(objectname)%00%(upstream:track)%00%(upstream:remotename)%00%(upstream:remoteref) refs/heads/master refs/remotes/master [5ms]
2022-12-15 23:59:09.352 [info] > git for-each-ref --sort -committerdate --format %(refname) %(objectname) %(*objectname) [1ms]
2022-12-15 23:59:09.358 [info] > git status -z -uall [11ms]
2022-12-15 23:59:39.396 [info] > git config --get commit.template [5ms]
2022-12-15 23:59:39.399 [warning] No remotes found in the git config file.
2022-12-15 23:59:39.400 [info] > git for-each-ref --format=%(refname)%00%(upstream:short)%00%(objectname)%00%(upstream:track)%00%(upstream:remotename)%00%(upstream:remoteref) refs/heads/master refs/remotes/master [5ms]
2022-12-15 23:59:39.400 [info] > git remote --verbose [1ms]
2022-12-15 23:59:39.410 [info] > git for-each-ref --sort -committerdate --format %(refname) %(objectname) %(*objectname) [1ms]
2022-12-15 23:59:39.421 [info] > git status -z -uall [17ms]
2022-12-15 23:59:42.259 [info] > git check-ignore -v -z --stdin [4ms]
2022-12-15 23:59:43.150 [info] > git check-ignore -v -z --stdin [3ms]
2022-12-15 23:59:52.609 [info] > git config --get commit.template [2ms]
2022-12-15 23:59:52.621 [warning] No remotes found in the git config file.
2022-12-15 23:59:52.622 [info] > git for-each-ref --format=%(refname)%00%(upstream:short)%00%(objectname)%00%(upstream:track)%00%(upstream:remotename)%00%(upstream:remoteref) refs/heads/master refs/remotes/master [8ms]
2022-12-15 23:59:52.622 [info] > git remote --verbose [1ms]
2022-12-15 23:59:52.631 [info] > git for-each-ref --sort -committerdate --format %(refname) %(objectname) %(*objectname) [1ms]
2022-12-15 23:59:52.641 [info] > git status -z -uall [14ms]
2022-12-16 00:07:45.605 [info] > git config --get commit.template [2ms]
2022-12-16 00:07:45.616 [warning] No remotes found in the git config file.
2022-12-16 00:07:45.616 [info] > git for-each-ref --format=%(refname)%00%(upstream:short)%00%(objectname)%00%(upstream:track)%00%(upstream:remotename)%00%(upstream:remoteref) refs/heads/master refs/remotes/master [6ms]
2022-12-16 00:07:45.617 [info] > git remote --verbose [1ms]
2022-12-16 00:07:45.627 [info] > git for-each-ref --sort -committerdate --format %(refname) %(objectname) %(*objectname) [1ms]
2022-12-16 00:07:45.637 [info] > git status -z -uall [15ms]
