2022-12-11 07:27:30.546 [info] Validating found git in: git
2022-12-11 07:27:30.546 [info] Using git 2.25.1 from git
2022-12-11 07:27:30.546 [info] > git rev-parse --show-toplevel [91ms]
2022-12-11 07:27:30.546 [info] > git rev-parse --git-dir --git-common-dir [2ms]
2022-12-11 07:27:30.546 [info] Log level: Info
2022-12-11 07:27:30.546 [info] Open repository: /home/anarch40z/html-website-templates
2022-12-11 07:27:30.546 [info] > git rev-parse --show-toplevel [9ms]
2022-12-11 07:27:30.546 [info] > git remote --verbose [83ms]
2022-12-11 07:27:30.547 [info] > git for-each-ref --sort -committerdate --format %(refname) %(objectname) %(*objectname) [105ms]
2022-12-11 07:27:30.547 [info] > git rev-parse --show-toplevel [7ms]
2022-12-11 07:27:30.547 [info] > git config --get commit.template [30ms]
2022-12-11 07:27:30.547 [info] > git rev-parse --show-toplevel [4ms]
2022-12-11 07:27:30.547 [info] > git rev-parse --show-toplevel [26ms]
2022-12-11 07:27:30.547 [info] > git for-each-ref --format=%(refname)%00%(upstream:short)%00%(objectname)%00%(upstream:track)%00%(upstream:remotename)%00%(upstream:remoteref) refs/heads/master refs/remotes/master [10ms]
2022-12-11 07:27:30.547 [info] > git rev-parse --show-toplevel [4ms]
2022-12-11 07:27:30.547 [info] > git rev-parse --show-toplevel [1ms]
2022-12-11 07:27:30.547 [info] > git status -z -uall [891ms]
2022-12-11 07:27:30.547 [info] > git remote --verbose [20ms]
2022-12-11 07:27:30.547 [info] > git for-each-ref --sort -committerdate --format %(refname) %(objectname) %(*objectname) [27ms]
2022-12-11 07:27:30.547 [info] > git config --get commit.template [6ms]
2022-12-11 07:27:30.547 [info] > git for-each-ref --format=%(refname)%00%(upstream:short)%00%(objectname)%00%(upstream:track)%00%(upstream:remotename)%00%(upstream:remoteref) refs/heads/master refs/remotes/master [2ms]
2022-12-11 07:27:30.548 [info] > git status -z -uall [370ms]
2022-12-11 07:27:30.680 [info] > git check-ignore -v -z --stdin [56ms]
2022-12-11 07:27:30.756 [info] > git show --textconv :One Page Portfolio Website Template/index.html [44ms]
2022-12-11 07:27:30.758 [info] > git ls-files --stage -- /home/anarch40z/html-website-templates/One Page Portfolio Website Template/index.html [38ms]
2022-12-11 07:27:30.765 [info] > git cat-file -s d38a70d5d06ecd10f40318878f8184431077bca8 [3ms]
2022-12-11 07:27:58.486 [info] > git check-ignore -v -z --stdin [3ms]
2022-12-11 07:27:59.754 [info] > git check-ignore -v -z --stdin [4ms]
2022-12-11 07:28:02.308 [info] > git show --textconv :One Page Portfolio Website Template/index.html [7ms]
2022-12-11 07:28:02.310 [info] > git ls-files --stage -- /home/anarch40z/html-website-templates/One Page Portfolio Website Template/index.html [2ms]
2022-12-11 07:28:02.317 [info] > git cat-file -s d38a70d5d06ecd10f40318878f8184431077bca8 [1ms]
2022-12-11 07:29:15.768 [info] > git check-ignore -v -z --stdin [4ms]
